<?xml version="1.0" encoding="UTF-8"?>
<!-- Generated by org.testng.reporters.JUnitReportReporter -->
<testsuite skipped="0" hostname="DESKTOP-AAPC1F3" name="test.TestBase" tests="1" failures="0" timestamp="07 Jun 2021 11:22:02 GMT" time="20.039" errors="0">
  <testcase name="testCase1" time="20.039" classname="test.TestBase"/>
</testsuite> <!-- test.TestBase -->
