<?xml version="1.0" encoding="UTF-8"?>
<!-- Generated by org.testng.reporters.JUnitReportReporter -->
<testsuite skipped="0" hostname="DESKTOP-AAPC1F3" name="test.AddLibraryTest" tests="1" failures="0" timestamp="15 Jun 2021 20:29:52 GMT" time="35.622" errors="0">
  <testcase name="userCanAddLibrary" time="35.622" classname="test.AddLibraryTest"/>
</testsuite> <!-- test.AddLibraryTest -->
